Arguments: 
  /home/pandim/.nvm/versions/node/v16.13.2/bin/node /home/pandim/.nvm/versions/node/v16.13.2/bin/yarn add @type/express -D

PATH: 
  /home/pandim/.nvm/versions/node/v16.13.2/bin:/usr/local/sbin:/usr/local/bin:/usr/sbin:/usr/bin:/sbin:/bin:/usr/games:/usr/local/games:/snap/bin

Yarn version: 
  1.22.17

Node version: 
  16.13.2

Platform: 
  linux x64

Trace: 
  Error: https://registry.yarnpkg.com/@type%2fexpress: Not found
      at Request.params.callback [as _callback] (/home/pandim/.nvm/versions/node/v16.13.2/lib/node_modules/yarn/lib/cli.js:67029:18)
      at Request.self.callback (/home/pandim/.nvm/versions/node/v16.13.2/lib/node_modules/yarn/lib/cli.js:140883:22)
      at Request.emit (node:events:390:28)
      at Request.<anonymous> (/home/pandim/.nvm/versions/node/v16.13.2/lib/node_modules/yarn/lib/cli.js:141855:10)
      at Request.emit (node:events:390:28)
      at IncomingMessage.<anonymous> (/home/pandim/.nvm/versions/node/v16.13.2/lib/node_modules/yarn/lib/cli.js:141777:12)
      at Object.onceWrapper (node:events:509:28)
      at IncomingMessage.emit (node:events:402:35)
      at endReadableNT (node:internal/streams/readable:1343:12)
      at processTicksAndRejections (node:internal/process/task_queues:83:21)

npm manifest: 
  {
    "name": "primeira-api-ts",
    "version": "1.0.0",
    "main": "index.js",
    "license": "MIT",
    "devDependencies": {
      "typescript": "^4.6.4"
    }
  }

yarn manifest: 
  No manifest

Lockfile: 
  # THIS IS AN AUTOGENERATED FILE. DO NOT EDIT THIS FILE DIRECTLY.
  # yarn lockfile v1
  
  
  typescript@^4.6.4:
    version "4.6.4"
    resolved "https://registry.yarnpkg.com/typescript/-/typescript-4.6.4.tgz#caa78bbc3a59e6a5c510d35703f6a09877ce45e9"
    integrity sha512-9ia/jWHIEbo49HfjrLGfKbZSuWo9iTMwXO+Ca3pRsSpbsMbc7/IU8NKdCZVRRBafVPGnoJeFL76ZOAA84I9fEg==
